#
# There is insufficient memory for the Java Runtime Environment to continue.
# Native memory allocation (mmap) failed to map 130023424 bytes for G1 virtual space
# Possible reasons:
#   The system is out of physical RAM or swap space
#   The process is running with CompressedOops enabled, and the Java Heap may be blocking the growth of the native heap
# Possible solutions:
#   Reduce memory load on the system
#   Increase physical memory or swap space
#   Check if swap backing store is full
#   Decrease Java heap size (-Xmx/-Xms)
#   Decrease number of Java threads
#   Decrease Java thread stack sizes (-Xss)
#   Set larger code cache with -XX:ReservedCodeCacheSize=
#   JVM is running with Unscaled Compressed Oops mode in which the Java heap is
#     placed in the first 4GB address space. The Java Heap base address is the
#     maximum limit for the native heap growth. Please use -XX:HeapBaseMinAddress
#     to set the Java Heap base and to place the Java Heap above 4GB virtual address.
# This output file may be truncated or incomplete.
#
#  Out of Memory Error (os_windows.cpp:3536), pid=11156, tid=13772
#
# JRE version:  (19.0.2+7) (build )
# Java VM: Java HotSpot(TM) 64-Bit Server VM (19.0.2+7-44, mixed mode, sharing, tiered, compressed oops, compressed class ptrs, g1 gc, windows-amd64)
# No core dump will be written. Minidumps are not enabled by default on client versions of Windows
#

---------------  S U M M A R Y ------------

Command Line: 

Host: 11th Gen Intel(R) Core(TM) i5-11320H @ 3.20GHz, 8 cores, 7G,  Windows 11 , 64 bit Build 22621 (10.0.22621.2706)
Time: Tue Nov 28 18:41:31 2023 W. Central Africa Standard Time elapsed time: 0.228398 seconds (0d 0h 0m 0s)

---------------  T H R E A D  ---------------

Current thread (0x000001a5b8ebb5b0):  JavaThread "Unknown thread" [_thread_in_vm, id=13772, stack(0x0000001340000000,0x0000001340100000)]

Stack: [0x0000001340000000,0x0000001340100000]
Native frames: (J=compiled Java code, j=interpreted, Vv=VM code, C=native code)
V  [jvm.dll+0x6ee21a]
V  [jvm.dll+0x85765e]
V  [jvm.dll+0x85904e]
V  [jvm.dll+0x859703]
V  [jvm.dll+0x28298f]
V  [jvm.dll+0x6eb009]
V  [jvm.dll+0x6dfbaa]
V  [jvm.dll+0x3573f6]
V  [jvm.dll+0x35ee56]
V  [jvm.dll+0x3b541e]
V  [jvm.dll+0x3b564f]
V  [jvm.dll+0x32c9ea]
V  [jvm.dll+0x32d89e]
V  [jvm.dll+0x821780]
V  [jvm.dll+0x3c2661]
V  [jvm.dll+0x801f51]
V  [jvm.dll+0x44ae8f]
V  [jvm.dll+0x44c811]
C  [jli.dll+0x5287]
C  [ucrtbase.dll+0x29363]
C  [KERNEL32.DLL+0x1257d]
C  [ntdll.dll+0x5aa58]


---------------  P R O C E S S  ---------------

Threads class SMR info:
_java_thread_list=0x00007ffb12add048, length=0, elements={
}

Java Threads: ( => current thread )

Other Threads:
  0x000001a5b8f1a300 WorkerThread "GC Thread#0" [stack: 0x0000001340100000,0x0000001340200000] [id=17412]
  0x000001a5b8f2aa60 ConcurrentGCThread "G1 Main Marker" [stack: 0x0000001340200000,0x0000001340300000] [id=25516]
  0x000001a5b8f2b490 WorkerThread "G1 Conc#0" [stack: 0x0000001340300000,0x0000001340400000] [id=16372]

[error occurred during error reporting (printing all threads), id 0xc0000005, EXCEPTION_ACCESS_VIOLATION (0xc0000005) at pc=0x00007ffb1229d427]

VM state: not at safepoint (not fully initialized)

VM Mutex/Monitor currently owned by a thread:  ([mutex/lock_event])
[0x000001a5b8eb6310] Heap_lock - owner thread: 0x000001a5b8ebb5b0

Heap address: 0x0000000084000000, size: 1984 MB, Compressed Oops mode: 32-bit

CDS archive(s) mapped at: [0x0000000000000000-0x0000000000000000-0x0000000000000000), size 0, SharedBaseAddress: 0x0000000800000000, ArchiveRelocationMode: 0.
Narrow klass base: 0x0000000000000000, Narrow klass shift: 0, Narrow klass range: 0x0

GC Precious Log:
 CardTable entry size: 512
 Card Set container configuration: InlinePtr #cards 5 size 8 Array Of Cards #cards 12 size 40 Howl #buckets 4 coarsen threshold 1843 Howl Bitmap #cards 512 size 80 coarsen threshold 460 Card regions per heap region 1 cards per card region 2048

Heap:
 garbage-first heap   total 0K, used 0K [0x0000000084000000, 0x0000000100000000)
  region size 1024K, 0 young (0K), 0 survivors (0K)

[error occurred during error reporting (printing heap information), id 0xc0000005, EXCEPTION_ACCESS_VIOLATION (0xc0000005) at pc=0x00007ffb126a6649]

GC Heap History (0 events):
No events

Dll operation events (1 events):
Event: 0.114 Loaded shared library C:\Program Files\Java\jdk-19\bin\java.dll

Deoptimization events (0 events):
No events

Classes loaded (0 events):
No events

Classes unloaded (0 events):
No events

Classes redefined (0 events):
No events

Internal exceptions (0 events):
No events

VM Operations (0 events):
No events

Events (0 events):
No events


Dynamic libraries:
0x00007ff7b1e90000 - 0x00007ff7b1ea0000 	C:\Program Files\Java\jdk-19\bin\java.exe
0x00007ffbc65f0000 - 0x00007ffbc6807000 	C:\WINDOWS\SYSTEM32\ntdll.dll
0x00007ffbc5020000 - 0x00007ffbc50e4000 	C:\WINDOWS\System32\KERNEL32.DLL
0x00007ffbc3ea0000 - 0x00007ffbc4245000 	C:\WINDOWS\System32\KERNELBASE.dll
0x00007ffbc3d80000 - 0x00007ffbc3e91000 	C:\WINDOWS\System32\ucrtbase.dll
0x00007ffb71d50000 - 0x00007ffb71d68000 	C:\Program Files\Java\jdk-19\bin\jli.dll
0x00007ffb6fd30000 - 0x00007ffb6fd4b000 	C:\Program Files\Java\jdk-19\bin\VCRUNTIME140.dll
0x00007ffbc5c80000 - 0x00007ffbc5d31000 	C:\WINDOWS\System32\ADVAPI32.dll
0x00007ffbc5970000 - 0x00007ffbc5a17000 	C:\WINDOWS\System32\msvcrt.dll
0x00007ffbc5a20000 - 0x00007ffbc5ac6000 	C:\WINDOWS\System32\sechost.dll
0x00007ffbc5e30000 - 0x00007ffbc5f47000 	C:\WINDOWS\System32\RPCRT4.dll
0x00007ffbc5ad0000 - 0x00007ffbc5c7e000 	C:\WINDOWS\System32\USER32.dll
0x00007ffbc3960000 - 0x00007ffbc3986000 	C:\WINDOWS\System32\win32u.dll
0x00007ffbc4de0000 - 0x00007ffbc4e09000 	C:\WINDOWS\System32\GDI32.dll
0x00007ffbc3a30000 - 0x00007ffbc3b49000 	C:\WINDOWS\System32\gdi32full.dll
0x00007ffbc3990000 - 0x00007ffbc3a2a000 	C:\WINDOWS\System32\msvcp_win.dll
0x00007ffba8410000 - 0x00007ffba86a3000 	C:\WINDOWS\WinSxS\amd64_microsoft.windows.common-controls_6595b64144ccf1df_6.0.22621.2706_none_270c5aa17388e1a2\COMCTL32.dll
0x00007ffbb6280000 - 0x00007ffbb628a000 	C:\WINDOWS\SYSTEM32\VERSION.dll
0x00007ffbc4e10000 - 0x00007ffbc4e41000 	C:\WINDOWS\System32\IMM32.DLL
0x00007ffb7ccf0000 - 0x00007ffb7ccfc000 	C:\Program Files\Java\jdk-19\bin\vcruntime140_1.dll
0x00007ffb60a30000 - 0x00007ffb60abe000 	C:\Program Files\Java\jdk-19\bin\msvcp140.dll
0x00007ffb11f60000 - 0x00007ffb12c20000 	C:\Program Files\Java\jdk-19\bin\server\jvm.dll
0x00007ffbb8960000 - 0x00007ffbb8994000 	C:\WINDOWS\SYSTEM32\WINMM.dll
0x00007ffb7cc70000 - 0x00007ffb7cc79000 	C:\WINDOWS\SYSTEM32\WSOCK32.dll
0x00007ffbc4710000 - 0x00007ffbc4781000 	C:\WINDOWS\System32\WS2_32.dll
0x00007ffbc28c0000 - 0x00007ffbc28d8000 	C:\WINDOWS\SYSTEM32\kernel.appcore.dll
0x00007ffb7b030000 - 0x00007ffb7b03a000 	C:\Program Files\Java\jdk-19\bin\jimage.dll
0x00007ffbc1200000 - 0x00007ffbc1433000 	C:\WINDOWS\SYSTEM32\DBGHELP.DLL
0x00007ffbc4960000 - 0x00007ffbc4ce9000 	C:\WINDOWS\System32\combase.dll
0x00007ffbc5d50000 - 0x00007ffbc5e27000 	C:\WINDOWS\System32\OLEAUT32.dll
0x00007ffba3650000 - 0x00007ffba3682000 	C:\WINDOWS\SYSTEM32\dbgcore.DLL
0x00007ffbc4250000 - 0x00007ffbc42ca000 	C:\WINDOWS\System32\bcryptPrimitives.dll
0x00007ffb66a10000 - 0x00007ffb66a36000 	C:\Program Files\Java\jdk-19\bin\java.dll

dbghelp: loaded successfully - version: 4.0.5 - missing functions: none
symbol engine: initialized successfully - sym options: 0x614 - pdb path: .;C:\Program Files\Java\jdk-19\bin;C:\WINDOWS\SYSTEM32;C:\WINDOWS\WinSxS\amd64_microsoft.windows.common-controls_6595b64144ccf1df_6.0.22621.2706_none_270c5aa17388e1a2;C:\Program Files\Java\jdk-19\bin\server

VM Arguments:
java_command: <unknown>
java_class_path (initial): <not set>
Launcher Type: SUN_STANDARD

[Global flags]
     intx CICompilerCount                          = 4                                         {product} {ergonomic}
     uint ConcGCThreads                            = 2                                         {product} {ergonomic}
     uint G1ConcRefinementThreads                  = 8                                         {product} {ergonomic}
   size_t G1HeapRegionSize                         = 1048576                                   {product} {ergonomic}
    uintx GCDrainStackTargetSize                   = 64                                        {product} {ergonomic}
   size_t InitialHeapSize                          = 130023424                                 {product} {ergonomic}
   size_t MarkStackSize                            = 4194304                                   {product} {ergonomic}
   size_t MaxHeapSize                              = 2080374784                                {product} {ergonomic}
   size_t MinHeapDeltaBytes                        = 1048576                                   {product} {ergonomic}
   size_t MinHeapSize                              = 8388608                                   {product} {ergonomic}
    uintx NonNMethodCodeHeapSize                   = 5839372                                {pd product} {ergonomic}
    uintx NonProfiledCodeHeapSize                  = 122909434                              {pd product} {ergonomic}
    uintx ProfiledCodeHeapSize                     = 122909434                              {pd product} {ergonomic}
    uintx ReservedCodeCacheSize                    = 251658240                              {pd product} {ergonomic}
     bool SegmentedCodeCache                       = true                                      {product} {ergonomic}
   size_t SoftMaxHeapSize                          = 2080374784                             {manageable} {ergonomic}
     bool UseCompressedClassPointers               = true                           {product lp64_product} {ergonomic}
     bool UseCompressedOops                        = true                           {product lp64_product} {ergonomic}
     bool UseG1GC                                  = true                                      {product} {ergonomic}
     bool UseLargePagesIndividualAllocation        = false                                  {pd product} {ergonomic}

Logging:
Log output configuration:
 #0: stdout all=warning uptime,level,tags foldmultilines=false
 #1: stderr all=off uptime,level,tags foldmultilines=false

Environment Variables:
PATH=C:\Users\abdou\.eide\bin\builder\bin;C:\Users\abdou\.eide\bin\builder\utils;C:\Users\abdou\.eide\bin\scripts;c:\Users\abdou\.vscode\extensions\cl.eide-3.13.2023060401\res\tools\win32\7z;c:\Users\abdou\.vscode\extensions\cl.eide-3.13.2023060401\res\tools\win32\utils;C:\Program Files\Eclipse Adoptium\jdk-17.0.7.7-hotspot\bin;.;C:\Users\abdou\.eide\bin\builder\msys\bin;C:\Python312\Scripts\;C:\Python312\;C:\Python311\Scripts\;C:\Python311\;C:\Program Files\Eclipse Adoptium\jdk-17.0.7.7-hotspot\bin;C:\Program Files\Common Files\Oracle\Java\javapath;C:\Program Files (x86)\Common Files\Oracle\Java\javapath;C:\Program Files (x86)\NVIDIA Corporation\PhysX\Common;C:\WINDOWS\system32;C:\WINDOWS;C:\WINDOWS\System32\Wbem;C:\WINDOWS\System32\WindowsPowerShell\v1.0\;C:\WINDOWS\System32\OpenSSH\;C:\Program Files\dotnet\;C:\Program Files (x86)\dotnet\;C:\ProgramData\chocolatey\bin;C:\Users\abdou\Downloads\winlibs-x86_64-mcf-seh-gcc-13.2.0-llvm-16.0.6-mingw-w64ucrt-11.0.1-r2\mingw64\bin;C:\Program Files\nodejs\;C:\Program Files\Git\cmd;C:\ProgramData\ComposerSetup\bin;C:\Users\abdou\AppData\Local\Microsoft\WindowsApps;C:\Users\abdou\.dotnet\tools;C:\Users\abdou\AppData\Local\Programs\Azure Dev CLI\;C:\Users\abdou\AppData\Local\Programs\Hyper\resources\bin;C:\php;C:\Users\abdou\AppData\Local\Programs\Microsoft VS Code\bin;C:\Users\abdou\AppData\Roaming\Composer\vendor\bin;C:\Users\abdou\AppData\Roaming\npm;C:\Users\abdou\AppData\Local\GitHubDesktop\bin
USERNAME=abdou
OS=Windows_NT
PROCESSOR_IDENTIFIER=Intel64 Family 6 Model 140 Stepping 2, GenuineIntel
TMP=C:\Users\abdou\AppData\Local\Temp
TEMP=C:\Users\abdou\AppData\Local\Temp



---------------  S Y S T E M  ---------------

OS:
 Windows 11 , 64 bit Build 22621 (10.0.22621.2706)
OS uptime: 3 days 5:44 hours
Hyper-V role detected

CPU: total 8 (initial active 8) (4 cores per cpu, 2 threads per core) family 6 model 140 stepping 2 microcode 0x2c, cx8, cmov, fxsr, ht, mmx, 3dnowpref, sse, sse2, sse3, ssse3, sse4.1, sse4.2, popcnt, lzcnt, tsc, tscinvbit, avx, avx2, aes, erms, clmul, bmi1, bmi2, adx, avx512f, avx512dq, avx512cd, avx512bw, avx512vl, sha, fma, vzeroupper, avx512_vpopcntdq, avx512_vpclmulqdq, avx512_vaes, avx512_vnni, clflush, clflushopt, clwb, avx512_vbmi2, avx512_vbmi, hv, rdtscp, rdpid, fsrm, gfni, avx512_bitalg

Memory: 4k page, system-wide physical 7930M (469M free)
TotalPageFile size 24236M (AvailPageFile size 21M)
current process WorkingSet (physical memory assigned to process): 11M, peak: 11M
current process commit charge ("private bytes"): 60M, peak: 184M

vm_info: Java HotSpot(TM) 64-Bit Server VM (19.0.2+7-44) for windows-amd64 JRE (19.0.2+7-44), built on 2022-11-30T18:02:09Z by "mach5one" with MS VC++ 17.1 (VS2022)

END.
